<?xml version="1.0" encoding="UTF-8" ?>
<testsuite failures="0" time="0.001" errors="0" skipped="0" tests="0" name="com.report.test.TestButton">
  <properties>
    <property name="java.runtime.name" value="Java(TM) SE Runtime Environment"/>
    <property name="sun.boot.library.path" value="D:\tools\jdk1.7\jre\bin"/>
    <property name="java.vm.version" value="24.80-b11"/>
    <property name="java.vm.vendor" value="Oracle Corporation"/>
    <property name="java.vendor.url" value="http://java.oracle.com/"/>
    <property name="path.separator" value=";"/>
    <property name="java.vm.name" value="Java HotSpot(TM) Client VM"/>
    <property name="file.encoding.pkg" value="sun.io"/>
    <property name="user.script" value=""/>
    <property name="user.country" value="CN"/>
    <property name="sun.java.launcher" value="SUN_STANDARD"/>
    <property name="sun.os.patch.level" value=""/>
    <property name="java.vm.specification.name" value="Java Virtual Machine Specification"/>
    <property name="user.dir" value="E:\report_parent\report_entity"/>
    <property name="java.runtime.version" value="1.7.0_80-b15"/>
    <property name="java.awt.graphicsenv" value="sun.awt.Win32GraphicsEnvironment"/>
    <property name="basedir" value="E:\report_parent\report_entity"/>
    <property name="java.endorsed.dirs" value="D:\tools\jdk1.7\jre\lib\endorsed"/>
    <property name="os.arch" value="x86"/>
    <property name="surefire.real.class.path" value="E:\report_parent\report_entity\target\surefire\surefirebooter8765477130541240911.jar"/>
    <property name="java.io.tmpdir" value="C:\Users\ADMINI~1\AppData\Local\Temp\"/>
    <property name="line.separator" value="
"/>
    <property name="java.vm.specification.vendor" value="Oracle Corporation"/>
    <property name="user.variant" value=""/>
    <property name="os.name" value="Windows 8.1"/>
    <property name="sun.jnu.encoding" value="GBK"/>
    <property name="java.library.path" value="D:\tools\jdk1.7\jre\bin;C:\Windows\Sun\Java\bin;C:\Windows\system32;C:\Windows;C:\Windows\system32;C:\Windows;C:\Windows\System32\Wbem;C:\Windows\System32\WindowsPowerShell\v1.0\;C:\Program Files\MySQL\MySQL Utilities 1.6\;D:\tools\jdk1.7\bin;D:\tools\apache-maven-3.3.9-bin\apache-maven-3.3.9\bin;C:\Program Files\TortoiseGit\bin;C:\Program Files\TortoiseSVN\bin;C:\Users\Administrator\AppData\Local\Microsoft\WindowsApps;;."/>
    <property name="surefire.test.class.path" value="E:\report_parent\report_entity\target\test-classes;E:\report_parent\report_entity\target\classes;D:\tools\repository\org\springframework\spring-context\4.2.4.RELEASE\spring-context-4.2.4.RELEASE.jar;D:\tools\repository\org\springframework\spring-aop\4.2.4.RELEASE\spring-aop-4.2.4.RELEASE.jar;D:\tools\repository\aopalliance\aopalliance\1.0\aopalliance-1.0.jar;D:\tools\repository\org\springframework\spring-core\4.2.4.RELEASE\spring-core-4.2.4.RELEASE.jar;D:\tools\repository\org\springframework\spring-expression\4.2.4.RELEASE\spring-expression-4.2.4.RELEASE.jar;D:\tools\repository\org\springframework\spring-beans\4.2.4.RELEASE\spring-beans-4.2.4.RELEASE.jar;D:\tools\repository\org\springframework\spring-webmvc\4.2.4.RELEASE\spring-webmvc-4.2.4.RELEASE.jar;D:\tools\repository\org\springframework\spring-web\4.2.4.RELEASE\spring-web-4.2.4.RELEASE.jar;D:\tools\repository\org\springframework\spring-jdbc\4.2.4.RELEASE\spring-jdbc-4.2.4.RELEASE.jar;D:\tools\repository\org\springframework\spring-tx\4.2.4.RELEASE\spring-tx-4.2.4.RELEASE.jar;D:\tools\repository\org\springframework\spring-aspects\4.2.4.RELEASE\spring-aspects-4.2.4.RELEASE.jar;D:\tools\repository\org\aspectj\aspectjweaver\1.8.7\aspectjweaver-1.8.7.jar;D:\tools\repository\org\springframework\spring-jms\4.2.4.RELEASE\spring-jms-4.2.4.RELEASE.jar;D:\tools\repository\org\springframework\spring-messaging\4.2.4.RELEASE\spring-messaging-4.2.4.RELEASE.jar;D:\tools\repository\org\springframework\spring-context-support\4.2.4.RELEASE\spring-context-support-4.2.4.RELEASE.jar;D:\tools\repository\javax\persistence\persistence-api\1.0.2\persistence-api-1.0.2.jar;D:\tools\repository\redis\clients\jedis\2.9.0\jedis-2.9.0.jar;D:\tools\repository\org\apache\commons\commons-pool2\2.4.2\commons-pool2-2.4.2.jar;D:\tools\repository\com\fasterxml\jackson\core\jackson-databind\2.4.2\jackson-databind-2.4.2.jar;D:\tools\repository\com\fasterxml\jackson\core\jackson-annotations\2.4.0\jackson-annotations-2.4.0.jar;D:\tools\repository\com\fasterxml\jackson\core\jackson-core\2.4.2\jackson-core-2.4.2.jar;D:\tools\repository\org\springframework\data\spring-data-redis\1.7.2.RELEASE\spring-data-redis-1.7.2.RELEASE.jar;D:\tools\repository\org\springframework\data\spring-data-keyvalue\1.1.2.RELEASE\spring-data-keyvalue-1.1.2.RELEASE.jar;D:\tools\repository\org\springframework\data\spring-data-commons\1.12.2.RELEASE\spring-data-commons-1.12.2.RELEASE.jar;D:\tools\repository\org\springframework\spring-oxm\4.2.6.RELEASE\spring-oxm-4.2.6.RELEASE.jar;D:\tools\repository\org\slf4j\slf4j-api\1.7.5\slf4j-api-1.7.5.jar;D:\tools\repository\org\slf4j\jcl-over-slf4j\1.7.21\jcl-over-slf4j-1.7.21.jar;D:\tools\repository\log4j\log4j\1.2.17\log4j-1.2.17.jar;D:\tools\repository\javax\servlet\servlet-api\2.5\servlet-api-2.5.jar;D:\tools\repository\com\alibaba\fastjson\1.2.7\fastjson-1.2.7.jar;D:\tools\repository\com\auth0\java-jwt\2.2.0\java-jwt-2.2.0.jar;D:\tools\repository\commons-io\commons-io\1.3.2\commons-io-1.3.2.jar;D:\tools\repository\org\apache\httpcomponents\httpclient\4.3.5\httpclient-4.3.5.jar;D:\tools\repository\org\apache\httpcomponents\httpcore\4.3.2\httpcore-4.3.2.jar;D:\tools\repository\commons-logging\commons-logging\1.1.1\commons-logging-1.1.1.jar;D:\tools\repository\commons-codec\commons-codec\1.6\commons-codec-1.6.jar;D:\tools\repository\dom4j\dom4j\1.6.1\dom4j-1.6.1.jar;D:\tools\repository\xml-apis\xml-apis\1.0.b2\xml-apis-1.0.b2.jar;D:\tools\repository\com\thoughtworks\xstream\xstream\1.4.9\xstream-1.4.9.jar;D:\tools\repository\xmlpull\xmlpull\1.1.3.1\xmlpull-1.1.3.1.jar;D:\tools\repository\xpp3\xpp3_min\1.1.4c\xpp3_min-1.1.4c.jar;D:\tools\repository\org\apache\poi\poi\3.14-beta1\poi-3.14-beta1.jar;D:\tools\repository\org\apache\poi\poi-ooxml\3.14-beta1\poi-ooxml-3.14-beta1.jar;D:\tools\repository\org\apache\poi\poi-ooxml-schemas\3.14-beta1\poi-ooxml-schemas-3.14-beta1.jar;D:\tools\repository\org\apache\xmlbeans\xmlbeans\2.6.0\xmlbeans-2.6.0.jar;D:\tools\repository\stax\stax-api\1.0.1\stax-api-1.0.1.jar;D:\tools\repository\com\github\virtuald\curvesapi\1.03\curvesapi-1.03.jar;D:\tools\repository\commons-httpclient\commons-httpclient\3.1\commons-httpclient-3.1.jar;D:\tools\repository\commons-fileupload\commons-fileupload\1.3.1\commons-fileupload-1.3.1.jar;"/>
    <property name="java.specification.name" value="Java Platform API Specification"/>
    <property name="java.class.version" value="51.0"/>
    <property name="sun.management.compiler" value="HotSpot Client Compiler"/>
    <property name="os.version" value="6.3"/>
    <property name="user.home" value="C:\Users\Administrator"/>
    <property name="user.timezone" value=""/>
    <property name="java.awt.printerjob" value="sun.awt.windows.WPrinterJob"/>
    <property name="java.specification.version" value="1.7"/>
    <property name="file.encoding" value="GBK"/>
    <property name="user.name" value="Administrator"/>
    <property name="java.class.path" value="E:\report_parent\report_entity\target\test-classes;E:\report_parent\report_entity\target\classes;D:\tools\repository\org\springframework\spring-context\4.2.4.RELEASE\spring-context-4.2.4.RELEASE.jar;D:\tools\repository\org\springframework\spring-aop\4.2.4.RELEASE\spring-aop-4.2.4.RELEASE.jar;D:\tools\repository\aopalliance\aopalliance\1.0\aopalliance-1.0.jar;D:\tools\repository\org\springframework\spring-core\4.2.4.RELEASE\spring-core-4.2.4.RELEASE.jar;D:\tools\repository\org\springframework\spring-expression\4.2.4.RELEASE\spring-expression-4.2.4.RELEASE.jar;D:\tools\repository\org\springframework\spring-beans\4.2.4.RELEASE\spring-beans-4.2.4.RELEASE.jar;D:\tools\repository\org\springframework\spring-webmvc\4.2.4.RELEASE\spring-webmvc-4.2.4.RELEASE.jar;D:\tools\repository\org\springframework\spring-web\4.2.4.RELEASE\spring-web-4.2.4.RELEASE.jar;D:\tools\repository\org\springframework\spring-jdbc\4.2.4.RELEASE\spring-jdbc-4.2.4.RELEASE.jar;D:\tools\repository\org\springframework\spring-tx\4.2.4.RELEASE\spring-tx-4.2.4.RELEASE.jar;D:\tools\repository\org\springframework\spring-aspects\4.2.4.RELEASE\spring-aspects-4.2.4.RELEASE.jar;D:\tools\repository\org\aspectj\aspectjweaver\1.8.7\aspectjweaver-1.8.7.jar;D:\tools\repository\org\springframework\spring-jms\4.2.4.RELEASE\spring-jms-4.2.4.RELEASE.jar;D:\tools\repository\org\springframework\spring-messaging\4.2.4.RELEASE\spring-messaging-4.2.4.RELEASE.jar;D:\tools\repository\org\springframework\spring-context-support\4.2.4.RELEASE\spring-context-support-4.2.4.RELEASE.jar;D:\tools\repository\javax\persistence\persistence-api\1.0.2\persistence-api-1.0.2.jar;D:\tools\repository\redis\clients\jedis\2.9.0\jedis-2.9.0.jar;D:\tools\repository\org\apache\commons\commons-pool2\2.4.2\commons-pool2-2.4.2.jar;D:\tools\repository\com\fasterxml\jackson\core\jackson-databind\2.4.2\jackson-databind-2.4.2.jar;D:\tools\repository\com\fasterxml\jackson\core\jackson-annotations\2.4.0\jackson-annotations-2.4.0.jar;D:\tools\repository\com\fasterxml\jackson\core\jackson-core\2.4.2\jackson-core-2.4.2.jar;D:\tools\repository\org\springframework\data\spring-data-redis\1.7.2.RELEASE\spring-data-redis-1.7.2.RELEASE.jar;D:\tools\repository\org\springframework\data\spring-data-keyvalue\1.1.2.RELEASE\spring-data-keyvalue-1.1.2.RELEASE.jar;D:\tools\repository\org\springframework\data\spring-data-commons\1.12.2.RELEASE\spring-data-commons-1.12.2.RELEASE.jar;D:\tools\repository\org\springframework\spring-oxm\4.2.6.RELEASE\spring-oxm-4.2.6.RELEASE.jar;D:\tools\repository\org\slf4j\slf4j-api\1.7.5\slf4j-api-1.7.5.jar;D:\tools\repository\org\slf4j\jcl-over-slf4j\1.7.21\jcl-over-slf4j-1.7.21.jar;D:\tools\repository\log4j\log4j\1.2.17\log4j-1.2.17.jar;D:\tools\repository\javax\servlet\servlet-api\2.5\servlet-api-2.5.jar;D:\tools\repository\com\alibaba\fastjson\1.2.7\fastjson-1.2.7.jar;D:\tools\repository\com\auth0\java-jwt\2.2.0\java-jwt-2.2.0.jar;D:\tools\repository\commons-io\commons-io\1.3.2\commons-io-1.3.2.jar;D:\tools\repository\org\apache\httpcomponents\httpclient\4.3.5\httpclient-4.3.5.jar;D:\tools\repository\org\apache\httpcomponents\httpcore\4.3.2\httpcore-4.3.2.jar;D:\tools\repository\commons-logging\commons-logging\1.1.1\commons-logging-1.1.1.jar;D:\tools\repository\commons-codec\commons-codec\1.6\commons-codec-1.6.jar;D:\tools\repository\dom4j\dom4j\1.6.1\dom4j-1.6.1.jar;D:\tools\repository\xml-apis\xml-apis\1.0.b2\xml-apis-1.0.b2.jar;D:\tools\repository\com\thoughtworks\xstream\xstream\1.4.9\xstream-1.4.9.jar;D:\tools\repository\xmlpull\xmlpull\1.1.3.1\xmlpull-1.1.3.1.jar;D:\tools\repository\xpp3\xpp3_min\1.1.4c\xpp3_min-1.1.4c.jar;D:\tools\repository\org\apache\poi\poi\3.14-beta1\poi-3.14-beta1.jar;D:\tools\repository\org\apache\poi\poi-ooxml\3.14-beta1\poi-ooxml-3.14-beta1.jar;D:\tools\repository\org\apache\poi\poi-ooxml-schemas\3.14-beta1\poi-ooxml-schemas-3.14-beta1.jar;D:\tools\repository\org\apache\xmlbeans\xmlbeans\2.6.0\xmlbeans-2.6.0.jar;D:\tools\repository\stax\stax-api\1.0.1\stax-api-1.0.1.jar;D:\tools\repository\com\github\virtuald\curvesapi\1.03\curvesapi-1.03.jar;D:\tools\repository\commons-httpclient\commons-httpclient\3.1\commons-httpclient-3.1.jar;D:\tools\repository\commons-fileupload\commons-fileupload\1.3.1\commons-fileupload-1.3.1.jar;"/>
    <property name="java.vm.specification.version" value="1.7"/>
    <property name="sun.arch.data.model" value="32"/>
    <property name="java.home" value="D:\tools\jdk1.7\jre"/>
    <property name="sun.java.command" value="E:\report_parent\report_entity\target\surefire\surefirebooter8765477130541240911.jar E:\report_parent\report_entity\target\surefire\surefire172789597100229630tmp E:\report_parent\report_entity\target\surefire\surefire1118358610239146773tmp"/>
    <property name="java.specification.vendor" value="Oracle Corporation"/>
    <property name="user.language" value="zh"/>
    <property name="awt.toolkit" value="sun.awt.windows.WToolkit"/>
    <property name="java.vm.info" value="mixed mode, sharing"/>
    <property name="java.version" value="1.7.0_80"/>
    <property name="java.ext.dirs" value="D:\tools\jdk1.7\jre\lib\ext;C:\Windows\Sun\Java\lib\ext"/>
    <property name="sun.boot.class.path" value="D:\tools\jdk1.7\jre\lib\resources.jar;D:\tools\jdk1.7\jre\lib\rt.jar;D:\tools\jdk1.7\jre\lib\sunrsasign.jar;D:\tools\jdk1.7\jre\lib\jsse.jar;D:\tools\jdk1.7\jre\lib\jce.jar;D:\tools\jdk1.7\jre\lib\charsets.jar;D:\tools\jdk1.7\jre\lib\jfr.jar;D:\tools\jdk1.7\jre\classes"/>
    <property name="java.vendor" value="Oracle Corporation"/>
    <property name="localRepository" value="D:\tools\repository"/>
    <property name="file.separator" value="\"/>
    <property name="java.vendor.url.bug" value="http://bugreport.sun.com/bugreport/"/>
    <property name="sun.cpu.endian" value="little"/>
    <property name="sun.io.unicode.encoding" value="UnicodeLittle"/>
    <property name="sun.desktop" value="windows"/>
    <property name="sun.cpu.isalist" value="pentium_pro+mmx pentium_pro pentium+mmx pentium i486 i386 i86"/>
  </properties>
</testsuite>